#
# A fatal error has been detected by the Java Runtime Environment:
#
#  EXCEPTION_ACCESS_VIOLATION (0xc0000005) at pc=0x0000000050bba0a5, pid=22660, tid=0x00000000000059b8
#
# JRE version: Java(TM) SE Runtime Environment (8.0_101-b13) (build 1.8.0_101-b13)
# Java VM: Java HotSpot(TM) 64-Bit Server VM (25.101-b13 mixed mode windows-amd64 compressed oops)
# Problematic frame:
# V  [jvm.dll+0x12a0a5]
#
# Failed to write core dump. Minidumps are not enabled by default on client versions of Windows
#
# If you would like to submit a bug report, please visit:
#   http://bugreport.java.com/bugreport/crash.jsp
#

---------------  T H R E A D  ---------------

Current thread (0x000000001e1ac000):  JavaThread "JDWP Transport Listener: dt_socket" daemon [_thread_in_vm, id=22968, stack(0x000000001e910000,0x000000001ea10000)]

siginfo: ExceptionCode=0xc0000005, reading address 0x0000000000003b65

Registers:
RAX=0x000000001ea0f901, RBX=0x000000001e1ac000, RCX=0x0000000000003b65, RDX=0x0000000000000000
RSP=0x000000001ea0f8e0, RBP=0x0000000000003b65, RSI=0x000000001ea0f9f8, RDI=0x0000000002328cc0
R8 =0x000000001e1ac000, R9 =0x0000000000008000, R10=0x0000000000000000, R11=0x000000001e2f0639
R12=0x0000000000000000, R13=0x000000001e1acf68, R14=0x0000000000000000, R15=0x0000000000000000
RIP=0x0000000050bba0a5, EFLAGS=0x0000000000010206

Top of Stack: (sp=0x000000001ea0f8e0)
0x000000001ea0f8e0:   000000001e1ac000 000000001e1ac000
0x000000001ea0f8f0:   000000001ea0f9a8 0000000050dc2f0b
0x000000001ea0f900:   000000001e1ac000 0000000050ddf76d
0x000000001ea0f910:   0000000000000000 0000000050579155
0x000000001ea0f920:   000000001e289118 000000005058291e
0x000000001ea0f930:   000000001e1ac000 0000000000000000
0x000000001ea0f940:   0000000000000000 0000000000000000
0x000000001ea0f950:   0000000000003b65 0000000050581a15
0x000000001ea0f960:   000000001ea0f9f8 000000001ea0f9d0
0x000000001ea0f970:   0000000000000001 000000001e289118
0x000000001ea0f980:   0000000000003b65 00000000505653b3
0x000000001ea0f990:   000000001ea0fac0 0000000000000001
0x000000001ea0f9a0:   0000000000000001 000000001e289118
0x000000001ea0f9b0:   0000000000000009 0000000000000000
0x000000001ea0f9c0:   0000000000000000 0000000000000000
0x000000001ea0f9d0:   0000000000000001 0000000050565571 

Instructions: (pc=0x0000000050bba0a5)
0x0000000050bba085:   cc cc cc cc cc cc cc cc cc cc cc 48 83 ec 28 48
0x0000000050bba095:   85 c9 75 07 33 c0 48 83 c4 28 c3 48 89 5c 24 20
0x0000000050bba0a5:   48 8b 19 48 85 db 74 20 48 83 fb 37 74 1a 48 8b
0x0000000050bba0b5:   13 48 8b cb ff 52 10 84 c0 74 0d 48 8b c3 48 8b 


Register to memory mapping:

RAX=0x000000001ea0f901 is pointing into the stack for thread: 0x000000001e1ac000
RBX=0x000000001e1ac000 is a thread
RCX=0x0000000000003b65 is an unknown value
RDX=0x0000000000000000 is an unknown value
RSP=0x000000001ea0f8e0 is pointing into the stack for thread: 0x000000001e1ac000
RBP=0x0000000000003b65 is an unknown value
RSI=0x000000001ea0f9f8 is pointing into the stack for thread: 0x000000001e1ac000
RDI=0x0000000002328cc0 is an unknown value
R8 =0x000000001e1ac000 is a thread
R9 =0x0000000000008000 is an unknown value
R10=0x0000000000000000 is an unknown value
R11=0x000000001e2f0639 is an unknown value
R12=0x0000000000000000 is an unknown value
R13=0x000000001e1acf68 is an unknown value
R14=0x0000000000000000 is an unknown value
R15=0x0000000000000000 is an unknown value


Stack: [0x000000001e910000,0x000000001ea10000],  sp=0x000000001ea0f8e0,  free space=1022k
Native frames: (J=compiled Java code, j=interpreted, Vv=VM code, C=native code)
V  [jvm.dll+0x12a0a5]
V  [jvm.dll+0x34f76d]
C  [jdwp.dll+0x21a15]
C  [jdwp.dll+0x53b3]
C  [jdwp.dll+0x5571]
C  [jdwp.dll+0xf0a8]
C  [jdwp.dll+0x1f2d5]
C  [jdwp.dll+0x1f4aa]
V  [jvm.dll+0x1bd258]
V  [jvm.dll+0x2451a4]
V  [jvm.dll+0x29c18a]
C  [msvcr100.dll+0x21d9f]
C  [msvcr100.dll+0x21e3b]
C  [KERNEL32.DLL+0x8364]
C  [ntdll.dll+0x670d1]


---------------  P R O C E S S  ---------------

Java Threads: ( => current thread )
  0x000000001e267800 JavaThread "Service Thread" daemon [_thread_blocked, id=24368, stack(0x000000001f010000,0x000000001f110000)]
  0x000000001e1e0800 JavaThread "C1 CompilerThread3" daemon [_thread_blocked, id=16804, stack(0x000000001ef10000,0x000000001f010000)]
  0x000000001e1e0000 JavaThread "C2 CompilerThread2" daemon [_thread_blocked, id=20688, stack(0x000000001ee10000,0x000000001ef10000)]
  0x000000001e1dd000 JavaThread "C2 CompilerThread1" daemon [_thread_blocked, id=26436, stack(0x000000001ed10000,0x000000001ee10000)]
  0x000000001e1cf000 JavaThread "C2 CompilerThread0" daemon [_thread_blocked, id=5640, stack(0x000000001ec10000,0x000000001ed10000)]
  0x000000001e1c0800 JavaThread "JDWP Command Reader" daemon [_thread_in_native, id=21868, stack(0x000000001eb10000,0x000000001ec10000)]
  0x000000001e1bb000 JavaThread "JDWP Event Helper Thread" daemon [_thread_blocked, id=15328, stack(0x000000001ea10000,0x000000001eb10000)]
=>0x000000001e1ac000 JavaThread "JDWP Transport Listener: dt_socket" daemon [_thread_in_vm, id=22968, stack(0x000000001e910000,0x000000001ea10000)]
  0x000000001e1a5000 JavaThread "Attach Listener" daemon [_thread_blocked, id=3792, stack(0x000000001e790000,0x000000001e890000)]
  0x000000001e1a3800 JavaThread "Signal Dispatcher" daemon [_thread_blocked, id=25056, stack(0x000000001e690000,0x000000001e790000)]
  0x0000000002889000 JavaThread "Finalizer" daemon [_thread_blocked, id=21736, stack(0x000000001e520000,0x000000001e620000)]
  0x000000001c24d800 JavaThread "Reference Handler" daemon [_thread_blocked, id=13396, stack(0x000000001e020000,0x000000001e120000)]
  0x0000000002792800 JavaThread "main" [_thread_blocked, id=18548, stack(0x0000000002330000,0x0000000002430000)]

Other Threads:
  0x000000001c249000 VMThread [stack: 0x000000001df20000,0x000000001e020000] [id=21380]
  0x000000001e2d1000 WatcherThread [stack: 0x000000001f110000,0x000000001f210000] [id=19080]

VM state:not at safepoint (normal execution)

VM Mutex/Monitor currently owned by a thread: None

Heap:
 PSYoungGen      total 75776K, used 3901K [0x000000076ba00000, 0x0000000770e80000, 0x00000007c0000000)
  eden space 65024K, 6% used [0x000000076ba00000,0x000000076bdcf5f8,0x000000076f980000)
  from space 10752K, 0% used [0x0000000770400000,0x0000000770400000,0x0000000770e80000)
  to   space 10752K, 0% used [0x000000076f980000,0x000000076f980000,0x0000000770400000)
 ParOldGen       total 173568K, used 0K [0x00000006c2e00000, 0x00000006cd780000, 0x000000076ba00000)
  object space 173568K, 0% used [0x00000006c2e00000,0x00000006c2e00000,0x00000006cd780000)
 Metaspace       used 2788K, capacity 4564K, committed 4864K, reserved 1056768K
  class space    used 307K, capacity 388K, committed 512K, reserved 1048576K

Card table byte_map: [0x0000000011c50000,0x0000000012440000] byte_map_base: 0x000000000e639000

Marking Bits: (ParMarkBitMap*) 0x00000000512aa6d0
 Begin Bits: [0x0000000013190000, 0x00000000170d8000)
 End Bits:   [0x00000000170d8000, 0x000000001b020000)

Polling page: 0x0000000000730000

CodeCache: size=245760Kb used=1112Kb max_used=1112Kb free=244647Kb
 bounds [0x0000000002890000, 0x0000000002b00000, 0x0000000011890000]
 total_blobs=261 nmethods=31 adapters=152
 compilation: enabled

Compilation events (10 events):
Event: 0.155 Thread 0x000000001e1e0800   27       3       java.lang.System::getSecurityManager (4 bytes)
Event: 0.155 Thread 0x000000001e1e0800 nmethod 27 0x00000000029a3710 code [0x00000000029a3860, 0x00000000029a39b0]
Event: 0.158 Thread 0x000000001e1e0800   28       3       java.lang.AbstractStringBuilder::append (50 bytes)
Event: 0.159 Thread 0x000000001e1e0800 nmethod 28 0x00000000029a4210 code [0x00000000029a43a0, 0x00000000029a48c8]
Event: 0.159 Thread 0x000000001e1e0800   29       3       java.lang.StringBuilder::append (8 bytes)
Event: 0.159 Thread 0x000000001e1e0800 nmethod 29 0x00000000029a4ad0 code [0x00000000029a4c40, 0x00000000029a4de8]
Event: 0.164 Thread 0x000000001e1e0800   30       3       java.lang.String::indexOf (166 bytes)
Event: 0.164 Thread 0x000000001e1e0800 nmethod 30 0x00000000029a4e90 code [0x00000000029a5040, 0x00000000029a5690]
Event: 0.164 Thread 0x000000001e1e0800   31       3       java.lang.String::startsWith (72 bytes)
Event: 0.165 Thread 0x000000001e1e0800 nmethod 31 0x00000000029a5a90 code [0x00000000029a5c00, 0x00000000029a5f30]

GC Heap History (0 events):
No events

Deoptimization events (0 events):
No events

Internal exceptions (2 events):
Event: 0.032 Thread 0x0000000002792800 Exception <a 'java/lang/NoSuchMethodError': Method sun.misc.Unsafe.defineClass(Ljava/lang/String;[BII)Ljava/lang/Class; name or signature does not match> (0x000000076ba07cc0) thrown at [C:\re\workspace\8-2-build-windows-amd64-cygwin\jdk8u101\7261\hotspot\s§—\+Å2 ?
Event: 0.032 Thread 0x0000000002792800 Exception <a 'java/lang/NoSuchMethodError': Method sun.misc.Unsafe.prefetchRead(Ljava/lang/Object;J)V name or signature does not match> (0x000000076ba07fa8) thrown at [C:\re\workspace\8-2-build-windows-amd64-cygwin\jdk8u101\7261\hotspot\src\share\vm\prims\

Events (10 events):
Event: 0.164 loading class java/lang/Void
Event: 0.164 loading class java/lang/Void done
Event: 0.164 loading class db/OrderDb
Event: 0.164 loading class db/OrderDb done
Event: 0.167 Executing VM operation: ChangeBreakpoints
Event: 0.167 Executing VM operation: ChangeBreakpoints done
Event: 4.172 Executing VM operation: EnableBiasedLocking
Event: 4.172 Executing VM operation: EnableBiasedLocking done
Event: 1995.731 Executing VM operation: RedefineClasses
Event: 1995.733 Executing VM operation: RedefineClasses done


Dynamic libraries:
0x00007ff6e55c0000 - 0x00007ff6e55f7000 	C:\Program Files\Java\jre1.8.0_101\bin\javaw.exe
0x00007ff96f6a0000 - 0x00007ff96f871000 	C:\WINDOWS\SYSTEM32\ntdll.dll
0x00007ff96f180000 - 0x00007ff96f22b000 	C:\WINDOWS\System32\KERNEL32.DLL
0x00007ff96c400000 - 0x00007ff96c61d000 	C:\WINDOWS\System32\KERNELBASE.dll
0x00007ff96f510000 - 0x00007ff96f5b2000 	C:\WINDOWS\System32\ADVAPI32.dll
0x00007ff96f0e0000 - 0x00007ff96f17e000 	C:\WINDOWS\System32\msvcrt.dll
0x00007ff96d160000 - 0x00007ff96d1b9000 	C:\WINDOWS\System32\sechost.dll
0x00007ff96d490000 - 0x00007ff96d5b1000 	C:\WINDOWS\System32\RPCRT4.dll
0x00007ff96f230000 - 0x00007ff96f395000 	C:\WINDOWS\System32\USER32.dll
0x00007ff96c390000 - 0x00007ff96c3ae000 	C:\WINDOWS\System32\win32u.dll
0x00007ff96cc30000 - 0x00007ff96cc64000 	C:\WINDOWS\System32\GDI32.dll
0x00007ff96c7f0000 - 0x00007ff96c972000 	C:\WINDOWS\System32\gdi32full.dll
0x00007ff961590000 - 0x00007ff961809000 	C:\WINDOWS\WinSxS\amd64_microsoft.windows.common-controls_6595b64144ccf1df_6.0.14393.447_none_42191651c6827bb3\COMCTL32.dll
0x00007ff96d1c0000 - 0x00007ff96d488000 	C:\WINDOWS\System32\combase.dll
0x00007ff96c980000 - 0x00007ff96ca75000 	C:\WINDOWS\System32\ucrtbase.dll
0x00007ff96c320000 - 0x00007ff96c38a000 	C:\WINDOWS\System32\bcryptPrimitives.dll
0x00007ff96ef10000 - 0x00007ff96ef3e000 	C:\WINDOWS\System32\IMM32.DLL
0x00000000502b0000 - 0x0000000050382000 	C:\Program Files\Java\jre1.8.0_101\bin\msvcr100.dll
0x0000000050a90000 - 0x000000005132a000 	C:\Program Files\Java\jre1.8.0_101\bin\server\jvm.dll
0x00007ff96f5c0000 - 0x00007ff96f5c8000 	C:\WINDOWS\System32\PSAPI.DLL
0x00007ff969f90000 - 0x00007ff969fb3000 	C:\WINDOWS\SYSTEM32\WINMM.dll
0x00007ff95b520000 - 0x00007ff95b529000 	C:\WINDOWS\SYSTEM32\WSOCK32.dll
0x00007ff965ed0000 - 0x00007ff965eda000 	C:\WINDOWS\SYSTEM32\VERSION.dll
0x00007ff96f630000 - 0x00007ff96f69a000 	C:\WINDOWS\System32\WS2_32.dll
0x00000000022f0000 - 0x000000000231b000 	C:\WINDOWS\SYSTEM32\WINMMBASE.dll
0x00007ff96c3b0000 - 0x00007ff96c3f2000 	C:\WINDOWS\System32\cfgmgr32.dll
0x0000000050a80000 - 0x0000000050a8f000 	C:\Program Files\Java\jre1.8.0_101\bin\verify.dll
0x0000000050a50000 - 0x0000000050a79000 	C:\Program Files\Java\jre1.8.0_101\bin\java.dll
0x0000000050560000 - 0x0000000050595000 	C:\Program Files\Java\jre1.8.0_101\bin\jdwp.dll
0x0000000050120000 - 0x0000000050128000 	C:\Program Files\Java\jre1.8.0_101\bin\npt.dll
0x0000000050a30000 - 0x0000000050a46000 	C:\Program Files\Java\jre1.8.0_101\bin\zip.dll
0x00007ff96d5d0000 - 0x00007ff96ead9000 	C:\WINDOWS\System32\SHELL32.dll
0x00007ff96bc40000 - 0x00007ff96c31a000 	C:\WINDOWS\System32\windows.storage.dll
0x00007ff96bb20000 - 0x00007ff96bb6c000 	C:\WINDOWS\System32\powrprof.dll
0x00007ff96cfb0000 - 0x00007ff96d002000 	C:\WINDOWS\System32\shlwapi.dll
0x00007ff96bb80000 - 0x00007ff96bb8f000 	C:\WINDOWS\System32\kernel.appcore.dll
0x00007ff96bb90000 - 0x00007ff96bc39000 	C:\WINDOWS\System32\shcore.dll
0x00007ff96bb00000 - 0x00007ff96bb14000 	C:\WINDOWS\System32\profapi.dll
0x0000000050110000 - 0x0000000050119000 	C:\Program Files\Java\jre1.8.0_101\bin\dt_socket.dll
0x00007ff953fe0000 - 0x00007ff953ff6000 	C:\WINDOWS\system32\napinsp.dll
0x00007ff953a60000 - 0x00007ff953a7a000 	C:\WINDOWS\system32\pnrpnsp.dll
0x00007ff9696d0000 - 0x00007ff9696e8000 	C:\WINDOWS\system32\NLAapi.dll
0x00007ff96b430000 - 0x00007ff96b48c000 	C:\WINDOWS\System32\mswsock.dll
0x00007ff96b200000 - 0x00007ff96b2a0000 	C:\WINDOWS\SYSTEM32\DNSAPI.dll
0x00007ff96d5c0000 - 0x00007ff96d5c8000 	C:\WINDOWS\System32\NSI.dll
0x00007ff96b1c0000 - 0x00007ff96b1f8000 	C:\WINDOWS\SYSTEM32\IPHLPAPI.DLL
0x00007ff9557e0000 - 0x00007ff9557ee000 	C:\WINDOWS\System32\winrnr.dll
0x0000000054090000 - 0x00000000540b6000 	C:\Program Files\Bonjour\mdnsNSP.dll
0x00007ff953fc0000 - 0x00007ff953fd5000 	C:\WINDOWS\System32\wshbth.dll
0x00007ff963f70000 - 0x00007ff963fda000 	C:\WINDOWS\System32\fwpuclnt.dll
0x00007ff96b6e0000 - 0x00007ff96b70b000 	C:\WINDOWS\SYSTEM32\bcrypt.dll
0x00007ff963f30000 - 0x00007ff963f3a000 	C:\Windows\System32\rasadhlp.dll
0x00007ff95ccf0000 - 0x00007ff95ce82000 	C:\WINDOWS\SYSTEM32\dbghelp.dll

VM Arguments:
jvm_args: -agentlib:jdwp=transport=dt_socket,suspend=y,address=localhost:55614 -Dfile.encoding=GBK 
java_command: application.updateOrderAccount
java_class_path (initial): E:\java\CS_532_LAB4_JDBC\bin;E:\java\CS_532_LAB4_JDBC\commons-pool-1.4.jar;E:\java\CS_532_LAB4_JDBC\mysql-connector-java-5.1.27-bin.jar;E:\java\CS_532_LAB4_JDBC\commons-dbcp-1.4.jar
Launcher Type: SUN_STANDARD

Environment Variables:
JAVA_HOME=C:\Program Files\Java\jdk1.8.0_101
PATH=C:/Program Files/Java/jre1.8.0_101/bin/server;C:/Program Files/Java/jre1.8.0_101/bin;C:/Program Files/Java/jre1.8.0_101/lib/amd64;C:\ProgramData\Oracle\Java\javapath;C:\Program Files (x86)\Intel\iCLS Client\;C:\Program Files\Intel\iCLS Client\;C:\Windows\system32;C:\Windows;C:\Windows\System32\Wbem;C:\Windows\System32\WindowsPowerShell\v1.0\;C:\Program Files (x86)\Intel\Intel(R) Management Engine Components\DAL;C:\Program Files\Intel\Intel(R) Management Engine Components\DAL;C:\Program Files (x86)\Intel\Intel(R) Management Engine Components\IPT;C:\Program Files\Intel\Intel(R) Management Engine Components\IPT;C:\Program Files\Intel\WiFi\bin\;C:\Program Files\Common Files\Intel\WirelessCommon\;C:\Users\hasee\.dnx\bin;C:\Program Files\Microsoft DNX\Dnvm\;C:\Program Files\Microsoft SQL Server\130\Tools\Binn\;C:\Program Files (x86)\Windows Kits\8.1\Windows Performance Toolkit\;C:\WINDOWS\system32;C:\WINDOWS;C:\WINDOWS\System32\Wbem;C:\WINDOWS\System32\WindowsPowerShell\v1.0\;C:\Program Files\Microsoft SQL Server\120\DTS\Binn\;C:\Program Files\Microsoft SQL Server\Client SDK\ODBC\110\Tools\Binn\;C:\Program Files (x86)\Microsoft SQL Server\120\Tools\Binn\;C:\Program Files\Microsoft SQL Server\120\Tools\Binn\;C:\Program Files (x86)\Microsoft SQL Server\120\Tools\Binn\ManagementStudio\;C:\Program Files (x86)\Microsoft SQL Server\120\DTS\Binn\;C:\Program Files (x86)\NVIDIA Corporation\PhysX\Common;C:\Program Files\Intel\WiFi\bin\;C:\Program Files\Common Files\Intel\WirelessCommon\;C:\Users\hasee\AppData\Local\Microsoft\WindowsApps;E:\Hadoop\Ant\apache-ant-1.10.0\bin;E:\maven\apache-maven-3.3.9\bin;C:\Users\hasee\Desktop;
USERNAME=hasee
OS=Windows_NT
PROCESSOR_IDENTIFIER=Intel64 Family 6 Model 94 Stepping 3, GenuineIntel



---------------  S Y S T E M  ---------------

OS: Windows 10.0 , 64 bit Build 14393 (10.0.14393.0)

CPU:total 8 (4 cores per cpu, 2 threads per core) family 6 model 94 stepping 3, cmov, cx8, fxsr, mmx, sse, sse2, sse3, ssse3, sse4.1, sse4.2, popcnt, avx, avx2, aes, clmul, erms, rtm, 3dnowpref, lzcnt, ht, tsc, tscinvbit, bmi1, bmi2, adx

Memory: 4k page, physical 16587764k(8731568k free), swap 19078132k(4365560k free)

vm_info: Java HotSpot(TM) 64-Bit Server VM (25.101-b13) for windows-amd64 JRE (1.8.0_101-b13), built on Jun 22 2016 01:21:29 by "java_re" with MS VC++ 10.0 (VS2010)

time: Fri Mar 03 03:24:12 2017
elapsed time: 1995 seconds (0d 0h 33m 15s)

