#
# A fatal error has been detected by the Java Runtime Environment:
#
#  EXCEPTION_ACCESS_VIOLATION (0xc0000005) at pc=0x0000000050bba0a5, pid=13588, tid=0x0000000000007c88
#
# JRE version: Java(TM) SE Runtime Environment (8.0_101-b13) (build 1.8.0_101-b13)
# Java VM: Java HotSpot(TM) 64-Bit Server VM (25.101-b13 mixed mode windows-amd64 compressed oops)
# Problematic frame:
# V  [jvm.dll+0x12a0a5]
#
# Failed to write core dump. Minidumps are not enabled by default on client versions of Windows
#
# If you would like to submit a bug report, please visit:
#   http://bugreport.java.com/bugreport/crash.jsp
#

---------------  T H R E A D  ---------------

Current thread (0x000000001e1ee000):  JavaThread "JDWP Transport Listener: dt_socket" daemon [_thread_in_vm, id=31880, stack(0x000000001e900000,0x000000001ea00000)]

siginfo: ExceptionCode=0xc0000005, reading address 0xffffffffffffffff

Registers:
RAX=0x000000001e9ff201, RBX=0x000000001e1ee000, RCX=0x00730061006c0063, RDX=0x0000000000000000
RSP=0x000000001e9ff240, RBP=0x00730061006c0063, RSI=0x000000001e9ff358, RDI=0x0000000002498cc0
R8 =0x000000001e1ee000, R9 =0x0000000000008000, R10=0x0000000000000000, R11=0x000000001e41919d
R12=0x0000000000000000, R13=0x000000001e1ee958, R14=0x0000000000000000, R15=0x0000000000000000
RIP=0x0000000050bba0a5, EFLAGS=0x0000000000010206

Top of Stack: (sp=0x000000001e9ff240)
0x000000001e9ff240:   000000001e1ee000 000000001e1ee000
0x000000001e9ff250:   000000001e9ff308 0000000050dc2f0b
0x000000001e9ff260:   000000001e1ee000 0000000050ddf76d
0x000000001e9ff270:   0000000000000000 00000000515c9155
0x000000001e9ff280:   000000001e335b18 00000000515d291e
0x000000001e9ff290:   000000001e1ee000 0000000000000000
0x000000001e9ff2a0:   0000000000000000 0000000000000000
0x000000001e9ff2b0:   00730061006c0063 00000000515d1a15
0x000000001e9ff2c0:   000000001e9ff358 000000001e9ff330
0x000000001e9ff2d0:   0000000000000001 000000001e335b18
0x000000001e9ff2e0:   00730061006c0063 00000000515b53b3
0x000000001e9ff2f0:   000000001e9ff420 0000000000000001
0x000000001e9ff300:   0000000000000001 000000001e335b18
0x000000001e9ff310:   000000000000000a 0000000000000000
0x000000001e9ff320:   0000000000000000 0000000000000000
0x000000001e9ff330:   0000000000000001 00000000515b5571 

Instructions: (pc=0x0000000050bba0a5)
0x0000000050bba085:   cc cc cc cc cc cc cc cc cc cc cc 48 83 ec 28 48
0x0000000050bba095:   85 c9 75 07 33 c0 48 83 c4 28 c3 48 89 5c 24 20
0x0000000050bba0a5:   48 8b 19 48 85 db 74 20 48 83 fb 37 74 1a 48 8b
0x0000000050bba0b5:   13 48 8b cb ff 52 10 84 c0 74 0d 48 8b c3 48 8b 


Register to memory mapping:

RAX=0x000000001e9ff201 is pointing into the stack for thread: 0x000000001e1ee000
RBX=0x000000001e1ee000 is a thread
RCX=0x00730061006c0063 is an unknown value
RDX=0x0000000000000000 is an unknown value
RSP=0x000000001e9ff240 is pointing into the stack for thread: 0x000000001e1ee000
RBP=0x00730061006c0063 is an unknown value
RSI=0x000000001e9ff358 is pointing into the stack for thread: 0x000000001e1ee000
RDI=0x0000000002498cc0 is an unknown value
R8 =0x000000001e1ee000 is a thread
R9 =0x0000000000008000 is an unknown value
R10=0x0000000000000000 is an unknown value
R11=0x000000001e41919d is an unknown value
R12=0x0000000000000000 is an unknown value
R13=0x000000001e1ee958 is an unknown value
R14=0x0000000000000000 is an unknown value
R15=0x0000000000000000 is an unknown value


Stack: [0x000000001e900000,0x000000001ea00000],  sp=0x000000001e9ff240,  free space=1020k
Native frames: (J=compiled Java code, j=interpreted, Vv=VM code, C=native code)
V  [jvm.dll+0x12a0a5]
V  [jvm.dll+0x34f76d]
C  [jdwp.dll+0x21a15]
C  [jdwp.dll+0x53b3]
C  [jdwp.dll+0x5571]
C  [jdwp.dll+0xf0a8]
C  [jdwp.dll+0x1f2d5]
C  [jdwp.dll+0x1f4aa]
V  [jvm.dll+0x1bd258]
V  [jvm.dll+0x2451a4]
V  [jvm.dll+0x29c18a]
C  [msvcr100.dll+0x21d9f]
C  [msvcr100.dll+0x21e3b]
C  [KERNEL32.DLL+0x8364]
C  [ntdll.dll+0x670d1]


---------------  P R O C E S S  ---------------

Java Threads: ( => current thread )
  0x000000001e36a800 JavaThread "Abandoned connection cleanup thread" daemon [_thread_blocked, id=32164, stack(0x000000001f290000,0x000000001f390000)]
  0x000000001e2b1000 JavaThread "Service Thread" daemon [_thread_blocked, id=31780, stack(0x000000001f090000,0x000000001f190000)]
  0x000000001e226000 JavaThread "C1 CompilerThread3" daemon [_thread_blocked, id=31320, stack(0x000000001ef90000,0x000000001f090000)]
  0x000000001e21c800 JavaThread "C2 CompilerThread2" daemon [_thread_blocked, id=31596, stack(0x000000001ee90000,0x000000001ef90000)]
  0x000000001e21a800 JavaThread "C2 CompilerThread1" daemon [_thread_blocked, id=28160, stack(0x000000001ed90000,0x000000001ee90000)]
  0x000000001e20c800 JavaThread "C2 CompilerThread0" daemon [_thread_blocked, id=21616, stack(0x000000001ec90000,0x000000001ed90000)]
  0x000000001e1fd800 JavaThread "JDWP Command Reader" daemon [_thread_in_native, id=3112, stack(0x000000001eb90000,0x000000001ec90000)]
  0x000000001e1fa800 JavaThread "JDWP Event Helper Thread" daemon [_thread_blocked, id=32212, stack(0x000000001ea90000,0x000000001eb90000)]
=>0x000000001e1ee000 JavaThread "JDWP Transport Listener: dt_socket" daemon [_thread_in_vm, id=31880, stack(0x000000001e900000,0x000000001ea00000)]
  0x000000001e1e6000 JavaThread "Attach Listener" daemon [_thread_blocked, id=30316, stack(0x000000001e7c0000,0x000000001e8c0000)]
  0x000000001e1e4800 JavaThread "Signal Dispatcher" daemon [_thread_blocked, id=26652, stack(0x000000001e6c0000,0x000000001e7c0000)]
  0x000000001e180800 JavaThread "Finalizer" daemon [_thread_blocked, id=5964, stack(0x000000001e560000,0x000000001e660000)]
  0x0000000002919000 JavaThread "Reference Handler" daemon [_thread_blocked, id=29536, stack(0x000000001e060000,0x000000001e160000)]
  0x0000000002822800 JavaThread "main" [_thread_blocked, id=19012, stack(0x0000000002350000,0x0000000002450000)]

Other Threads:
  0x000000001c289800 VMThread [stack: 0x000000001df60000,0x000000001e060000] [id=9384]
  0x000000001e31c800 WatcherThread [stack: 0x000000001f190000,0x000000001f290000] [id=31972]

VM state:not at safepoint (normal execution)

VM Mutex/Monitor currently owned by a thread: None

Heap:
 PSYoungGen      total 75776K, used 11898K [0x000000076ba00000, 0x0000000770e80000, 0x00000007c0000000)
  eden space 65024K, 18% used [0x000000076ba00000,0x000000076c59e940,0x000000076f980000)
  from space 10752K, 0% used [0x0000000770400000,0x0000000770400000,0x0000000770e80000)
  to   space 10752K, 0% used [0x000000076f980000,0x000000076f980000,0x0000000770400000)
 ParOldGen       total 173568K, used 0K [0x00000006c2e00000, 0x00000006cd780000, 0x000000076ba00000)
  object space 173568K, 0% used [0x00000006c2e00000,0x00000006c2e00000,0x00000006cd780000)
 Metaspace       used 6782K, capacity 6876K, committed 6912K, reserved 1056768K
  class space    used 732K, capacity 755K, committed 768K, reserved 1048576K

Card table byte_map: [0x0000000011ce0000,0x00000000124d0000] byte_map_base: 0x000000000e6c9000

Marking Bits: (ParMarkBitMap*) 0x00000000512aa6d0
 Begin Bits: [0x0000000013220000, 0x0000000017168000)
 End Bits:   [0x0000000017168000, 0x000000001b0b0000)

Polling page: 0x0000000000b90000

CodeCache: size=245760Kb used=1237Kb max_used=1237Kb free=244523Kb
 bounds [0x0000000002920000, 0x0000000002b90000, 0x0000000011920000]
 total_blobs=417 nmethods=55 adapters=283
 compilation: enabled

Compilation events (10 events):
Event: 7.434 Thread 0x000000001e226000   50       3       java.lang.StringBuilder::toString (17 bytes)
Event: 7.434 Thread 0x000000001e226000 nmethod 50 0x0000000002a532d0 code [0x0000000002a53440, 0x0000000002a53648]
Event: 7.434 Thread 0x000000001e226000   52       3       java.nio.charset.CoderResult::isUnderflow (13 bytes)
Event: 7.435 Thread 0x000000001e226000 nmethod 52 0x0000000002a53710 code [0x0000000002a53860, 0x0000000002a53a10]
Event: 7.435 Thread 0x000000001e226000   51       1       java.lang.ref.Reference::get (5 bytes)
Event: 7.435 Thread 0x000000001e226000 nmethod 51 0x0000000002a53a90 code [0x0000000002a53be0, 0x0000000002a53cf0]
Event: 13.934 Thread 0x000000001e226000   53       3       java.lang.ref.ReferenceQueue::reallyPoll (66 bytes)
Event: 13.934 Thread 0x000000001e226000 nmethod 53 0x0000000002a53d50 code [0x0000000002a53ec0, 0x0000000002a54350]
Event: 26.907 Thread 0x000000001e226000   55   !   3       java.lang.ref.ReferenceQueue::remove (125 bytes)
Event: 26.907 Thread 0x000000001e226000 nmethod 55 0x0000000002a54790 code [0x0000000002a54980, 0x0000000002a552f8]

GC Heap History (0 events):
No events

Deoptimization events (0 events):
No events

Internal exceptions (6 events):
Event: 0.028 Thread 0x0000000002822800 Exception <a 'java/lang/NoSuchMethodError': Method sun.misc.Unsafe.defineClass(Ljava/lang/String;[BII)Ljava/lang/Class; name or signature does not match> (0x000000076ba07cc0) thrown at [C:\re\workspace\8-2-build-windows-amd64-cygwin\jdk8u101\7261\hotspot\s9å¡„Ëœ?
Event: 0.028 Thread 0x0000000002822800 Exception <a 'java/lang/NoSuchMethodError': Method sun.misc.Unsafe.prefetchRead(Ljava/lang/Object;J)V name or signature does not match> (0x000000076ba07fa8) thrown at [C:\re\workspace\8-2-build-windows-amd64-cygwin\jdk8u101\7261\hotspot\src\share\vm\prims\¸âžüe‚õ?
Event: 1.344 Thread 0x0000000002822800 Exception <a 'java/security/PrivilegedActionException'> (0x000000076bb105d8) thrown at [C:\re\workspace\8-2-build-windows-amd64-cygwin\jdk8u101\7261\hotspot\src\share\vm\prims\jvm.cpp, line 1386]
Event: 1.344 Thread 0x0000000002822800 Exception <a 'java/security/PrivilegedActionException'> (0x000000076bb107e8) thrown at [C:\re\workspace\8-2-build-windows-amd64-cygwin\jdk8u101\7261\hotspot\src\share\vm\prims\jvm.cpp, line 1386]
Event: 1.347 Thread 0x0000000002822800 Exception <a 'java/security/PrivilegedActionException'> (0x000000076bb14430) thrown at [C:\re\workspace\8-2-build-windows-amd64-cygwin\jdk8u101\7261\hotspot\src\share\vm\prims\jvm.cpp, line 1386]
Event: 1.347 Thread 0x0000000002822800 Exception <a 'java/security/PrivilegedActionException'> (0x000000076bb14640) thrown at [C:\re\workspace\8-2-build-windows-amd64-cygwin\jdk8u101\7261\hotspot\src\share\vm\prims\jvm.cpp, line 1386]

Events (10 events):
Event: 18.526 Executing VM operation: ChangeSingleStep
Event: 18.526 Executing VM operation: ChangeSingleStep done
Event: 18.533 Executing VM operation: GetOrSetLocal
Event: 18.533 Executing VM operation: GetOrSetLocal done
Event: 20.747 Executing VM operation: GetOrSetLocal
Event: 20.747 Executing VM operation: GetOrSetLocal done
Event: 23.148 Executing VM operation: GetOrSetLocal
Event: 23.148 Executing VM operation: GetOrSetLocal done
Event: 220.961 Executing VM operation: RedefineClasses
Event: 220.962 Executing VM operation: RedefineClasses done


Dynamic libraries:
0x00007ff6a26d0000 - 0x00007ff6a2707000 	C:\Program Files\Java\jre1.8.0_101\bin\javaw.exe
0x00007ff96f6a0000 - 0x00007ff96f871000 	C:\WINDOWS\SYSTEM32\ntdll.dll
0x00007ff96f180000 - 0x00007ff96f22b000 	C:\WINDOWS\System32\KERNEL32.DLL
0x00007ff96c400000 - 0x00007ff96c61d000 	C:\WINDOWS\System32\KERNELBASE.dll
0x00007ff96f510000 - 0x00007ff96f5b2000 	C:\WINDOWS\System32\ADVAPI32.dll
0x00007ff96f0e0000 - 0x00007ff96f17e000 	C:\WINDOWS\System32\msvcrt.dll
0x00007ff96d160000 - 0x00007ff96d1b9000 	C:\WINDOWS\System32\sechost.dll
0x00007ff96d490000 - 0x00007ff96d5b1000 	C:\WINDOWS\System32\RPCRT4.dll
0x00007ff96f230000 - 0x00007ff96f395000 	C:\WINDOWS\System32\USER32.dll
0x00007ff96c390000 - 0x00007ff96c3ae000 	C:\WINDOWS\System32\win32u.dll
0x00007ff96cc30000 - 0x00007ff96cc64000 	C:\WINDOWS\System32\GDI32.dll
0x00007ff96c7f0000 - 0x00007ff96c972000 	C:\WINDOWS\System32\gdi32full.dll
0x00007ff961590000 - 0x00007ff961809000 	C:\WINDOWS\WinSxS\amd64_microsoft.windows.common-controls_6595b64144ccf1df_6.0.14393.447_none_42191651c6827bb3\COMCTL32.dll
0x00007ff96d1c0000 - 0x00007ff96d488000 	C:\WINDOWS\System32\combase.dll
0x00007ff96c980000 - 0x00007ff96ca75000 	C:\WINDOWS\System32\ucrtbase.dll
0x00007ff96c320000 - 0x00007ff96c38a000 	C:\WINDOWS\System32\bcryptPrimitives.dll
0x00007ff96ef10000 - 0x00007ff96ef3e000 	C:\WINDOWS\System32\IMM32.DLL
0x00000000515f0000 - 0x00000000516c2000 	C:\Program Files\Java\jre1.8.0_101\bin\msvcr100.dll
0x0000000050a90000 - 0x000000005132a000 	C:\Program Files\Java\jre1.8.0_101\bin\server\jvm.dll
0x00007ff96f5c0000 - 0x00007ff96f5c8000 	C:\WINDOWS\System32\PSAPI.DLL
0x00007ff95b520000 - 0x00007ff95b529000 	C:\WINDOWS\SYSTEM32\WSOCK32.dll
0x00007ff965ed0000 - 0x00007ff965eda000 	C:\WINDOWS\SYSTEM32\VERSION.dll
0x00007ff969f90000 - 0x00007ff969fb3000 	C:\WINDOWS\SYSTEM32\WINMM.dll
0x00007ff96f630000 - 0x00007ff96f69a000 	C:\WINDOWS\System32\WS2_32.dll
0x0000000000b60000 - 0x0000000000b8b000 	C:\WINDOWS\SYSTEM32\WINMMBASE.dll
0x00007ff96c3b0000 - 0x00007ff96c3f2000 	C:\WINDOWS\System32\cfgmgr32.dll
0x0000000050a80000 - 0x0000000050a8f000 	C:\Program Files\Java\jre1.8.0_101\bin\verify.dll
0x0000000050a50000 - 0x0000000050a79000 	C:\Program Files\Java\jre1.8.0_101\bin\java.dll
0x00000000515b0000 - 0x00000000515e5000 	C:\Program Files\Java\jre1.8.0_101\bin\jdwp.dll
0x00000000515a0000 - 0x00000000515a8000 	C:\Program Files\Java\jre1.8.0_101\bin\npt.dll
0x0000000050a30000 - 0x0000000050a46000 	C:\Program Files\Java\jre1.8.0_101\bin\zip.dll
0x00007ff96d5d0000 - 0x00007ff96ead9000 	C:\WINDOWS\System32\SHELL32.dll
0x00007ff96bc40000 - 0x00007ff96c31a000 	C:\WINDOWS\System32\windows.storage.dll
0x00007ff96bb20000 - 0x00007ff96bb6c000 	C:\WINDOWS\System32\powrprof.dll
0x00007ff96cfb0000 - 0x00007ff96d002000 	C:\WINDOWS\System32\shlwapi.dll
0x00007ff96bb80000 - 0x00007ff96bb8f000 	C:\WINDOWS\System32\kernel.appcore.dll
0x00007ff96bb90000 - 0x00007ff96bc39000 	C:\WINDOWS\System32\shcore.dll
0x00007ff96bb00000 - 0x00007ff96bb14000 	C:\WINDOWS\System32\profapi.dll
0x0000000051590000 - 0x0000000051599000 	C:\Program Files\Java\jre1.8.0_101\bin\dt_socket.dll
0x00007ff953fe0000 - 0x00007ff953ff6000 	C:\WINDOWS\system32\napinsp.dll
0x00007ff953a60000 - 0x00007ff953a7a000 	C:\WINDOWS\system32\pnrpnsp.dll
0x00007ff9696d0000 - 0x00007ff9696e8000 	C:\WINDOWS\system32\NLAapi.dll
0x00007ff96b430000 - 0x00007ff96b48c000 	C:\WINDOWS\System32\mswsock.dll
0x00007ff96b200000 - 0x00007ff96b2a0000 	C:\WINDOWS\SYSTEM32\DNSAPI.dll
0x00007ff96d5c0000 - 0x00007ff96d5c8000 	C:\WINDOWS\System32\NSI.dll
0x00007ff96b1c0000 - 0x00007ff96b1f8000 	C:\WINDOWS\SYSTEM32\IPHLPAPI.DLL
0x00007ff9557e0000 - 0x00007ff9557ee000 	C:\WINDOWS\System32\winrnr.dll
0x0000000054090000 - 0x00000000540b6000 	C:\Program Files\Bonjour\mdnsNSP.dll
0x00007ff953fc0000 - 0x00007ff953fd5000 	C:\WINDOWS\System32\wshbth.dll
0x00007ff963f70000 - 0x00007ff963fda000 	C:\WINDOWS\System32\fwpuclnt.dll
0x00007ff96b6e0000 - 0x00007ff96b70b000 	C:\WINDOWS\SYSTEM32\bcrypt.dll
0x00007ff963f30000 - 0x00007ff963f3a000 	C:\Windows\System32\rasadhlp.dll
0x0000000050a10000 - 0x0000000050a2a000 	C:\Program Files\Java\jre1.8.0_101\bin\net.dll
0x00007ff95ccf0000 - 0x00007ff95ce82000 	C:\WINDOWS\SYSTEM32\dbghelp.dll

VM Arguments:
jvm_args: -agentlib:jdwp=transport=dt_socket,suspend=y,address=localhost:54487 -Dfile.encoding=GBK 
java_command: application.updateOrderAccount
java_class_path (initial): E:\java\CS_532_LAB4_JDBC\bin;E:\java\CS_532_LAB4_JDBC\commons-pool-1.4.jar;E:\java\CS_532_LAB4_JDBC\mysql-connector-java-5.1.27-bin.jar;E:\java\CS_532_LAB4_JDBC\commons-dbcp-1.4.jar
Launcher Type: SUN_STANDARD

Environment Variables:
JAVA_HOME=C:\Program Files\Java\jdk1.8.0_101
PATH=C:/Program Files/Java/jre1.8.0_101/bin/server;C:/Program Files/Java/jre1.8.0_101/bin;C:/Program Files/Java/jre1.8.0_101/lib/amd64;C:\ProgramData\Oracle\Java\javapath;C:\Program Files (x86)\Intel\iCLS Client\;C:\Program Files\Intel\iCLS Client\;C:\Windows\system32;C:\Windows;C:\Windows\System32\Wbem;C:\Windows\System32\WindowsPowerShell\v1.0\;C:\Program Files (x86)\Intel\Intel(R) Management Engine Components\DAL;C:\Program Files\Intel\Intel(R) Management Engine Components\DAL;C:\Program Files (x86)\Intel\Intel(R) Management Engine Components\IPT;C:\Program Files\Intel\Intel(R) Management Engine Components\IPT;C:\Program Files\Intel\WiFi\bin\;C:\Program Files\Common Files\Intel\WirelessCommon\;C:\Users\hasee\.dnx\bin;C:\Program Files\Microsoft DNX\Dnvm\;C:\Program Files\Microsoft SQL Server\130\Tools\Binn\;C:\Program Files (x86)\Windows Kits\8.1\Windows Performance Toolkit\;C:\WINDOWS\system32;C:\WINDOWS;C:\WINDOWS\System32\Wbem;C:\WINDOWS\System32\WindowsPowerShell\v1.0\;C:\Program Files\Microsoft SQL Server\120\DTS\Binn\;C:\Program Files\Microsoft SQL Server\Client SDK\ODBC\110\Tools\Binn\;C:\Program Files (x86)\Microsoft SQL Server\120\Tools\Binn\;C:\Program Files\Microsoft SQL Server\120\Tools\Binn\;C:\Program Files (x86)\Microsoft SQL Server\120\Tools\Binn\ManagementStudio\;C:\Program Files (x86)\Microsoft SQL Server\120\DTS\Binn\;C:\Program Files (x86)\NVIDIA Corporation\PhysX\Common;C:\Program Files\Intel\WiFi\bin\;C:\Program Files\Common Files\Intel\WirelessCommon\;C:\Users\hasee\AppData\Local\Microsoft\WindowsApps;E:\Hadoop\Ant\apache-ant-1.10.0\bin;E:\maven\apache-maven-3.3.9\bin;C:\Users\hasee\Desktop;
USERNAME=hasee
OS=Windows_NT
PROCESSOR_IDENTIFIER=Intel64 Family 6 Model 94 Stepping 3, GenuineIntel



---------------  S Y S T E M  ---------------

OS: Windows 10.0 , 64 bit Build 14393 (10.0.14393.0)

CPU:total 8 (4 cores per cpu, 2 threads per core) family 6 model 94 stepping 3, cmov, cx8, fxsr, mmx, sse, sse2, sse3, ssse3, sse4.1, sse4.2, popcnt, avx, avx2, aes, clmul, erms, rtm, 3dnowpref, lzcnt, ht, tsc, tscinvbit, bmi1, bmi2, adx

Memory: 4k page, physical 16587764k(9783144k free), swap 19078132k(7538484k free)

vm_info: Java HotSpot(TM) 64-Bit Server VM (25.101-b13) for windows-amd64 JRE (1.8.0_101-b13), built on Jun 22 2016 01:21:29 by "java_re" with MS VC++ 10.0 (VS2010)

time: Mon Mar 06 16:26:50 2017
elapsed time: 220 seconds (0d 0h 3m 40s)

